#
# There is insufficient memory for the Java Runtime Environment to continue.
# Native memory allocation (malloc) failed to allocate 957056 bytes for Chunk::new
# Possible reasons:
#   The system is out of physical RAM or swap space
#   The process is running with CompressedOops enabled, and the Java Heap may be blocking the growth of the native heap
# Possible solutions:
#   Reduce memory load on the system
#   Increase physical memory or swap space
#   Check if swap backing store is full
#   Decrease Java heap size (-Xmx/-Xms)
#   Decrease number of Java threads
#   Decrease Java thread stack sizes (-Xss)
#   Set larger code cache with -XX:ReservedCodeCacheSize=
#   JVM is running with Unscaled Compressed Oops mode in which the Java heap is
#     placed in the first 4GB address space. The Java Heap base address is the
#     maximum limit for the native heap growth. Please use -XX:HeapBaseMinAddress
#     to set the Java Heap base and to place the Java Heap above 4GB virtual address.
# This output file may be truncated or incomplete.
#
#  Out of Memory Error (allocation.cpp:389), pid=21260, tid=0x0000000000007508
#
# JRE version: Java(TM) SE Runtime Environment (8.0_301-b09) (build 1.8.0_301-b09)
# Java VM: Java HotSpot(TM) 64-Bit Server VM (25.301-b09 mixed mode windows-amd64 compressed oops)
# Failed to write core dump. Minidumps are not enabled by default on client versions of Windows
#

---------------  T H R E A D  ---------------

Current thread (0x0000020e190a0800):  JavaThread "C2 CompilerThread0" daemon [_thread_in_native, id=29960, stack(0x000000a323300000,0x000000a323400000)]

Stack: [0x000000a323300000,0x000000a323400000]
Native frames: (J=compiled Java code, j=interpreted, Vv=VM code, C=native code)
V  [jvm.dll+0x32ed79]
V  [jvm.dll+0x275722]
V  [jvm.dll+0x2763cd]
V  [jvm.dll+0x26ce05]
V  [jvm.dll+0xd551c]
V  [jvm.dll+0xd5d1c]
V  [jvm.dll+0x452c72]
V  [jvm.dll+0x48dcdd]
V  [jvm.dll+0x442c71]
V  [jvm.dll+0x43fee4]
V  [jvm.dll+0x42ae57]
V  [jvm.dll+0xac1bb]
V  [jvm.dll+0xaa81b]
V  [jvm.dll+0x23ddc2]
V  [jvm.dll+0x2923dc]
C  [ucrtbase.dll+0x21bb2]
C  [KERNEL32.DLL+0x17614]
C  [ntdll.dll+0x526a1]


Current CompileTask:
C2:   2786 1835       4       com.sun.javafx.css.CompoundSelector::applies (144 bytes)


---------------  P R O C E S S  ---------------

Java Threads: ( => current thread )
  0x0000020e237e6000 JavaThread "Keep-Alive-Timer" daemon [_thread_blocked, id=29288, stack(0x000000a324600000,0x000000a324700000)]
  0x0000020e1b523000 JavaThread "Abandoned connection cleanup thread" daemon [_thread_blocked, id=31908, stack(0x000000a324500000,0x000000a324600000)]
  0x0000020e1b4e9000 JavaThread "Prism Font Disposer" daemon [_thread_blocked, id=10548, stack(0x000000a324400000,0x000000a324500000)]
  0x0000020e1b0b0000 JavaThread "Thread-3" daemon [_thread_in_native, id=27776, stack(0x000000a323f00000,0x000000a324000000)]
  0x0000020e1b08d800 JavaThread "JavaFX-Launcher" [_thread_blocked, id=32308, stack(0x000000a324000000,0x000000a324100000)]
  0x0000020e1af6c000 JavaThread "JavaFX Application Thread" [_thread_in_native, id=9188, stack(0x000000a323b00000,0x000000a323c00000)]
  0x0000020e1af5a000 JavaThread "Thread-1" daemon [_thread_blocked, id=23368, stack(0x000000a323a00000,0x000000a323b00000)]
  0x0000020e1aef4800 JavaThread "QuantumRenderer-0" daemon [_thread_blocked, id=14156, stack(0x000000a323900000,0x000000a323a00000)]
  0x0000020e1a8c7000 JavaThread "Service Thread" daemon [_thread_blocked, id=28896, stack(0x000000a323700000,0x000000a323800000)]
  0x0000020e190ac800 JavaThread "C1 CompilerThread3" daemon [_thread_blocked, id=30964, stack(0x000000a323600000,0x000000a323700000)]
  0x0000020e190a9000 JavaThread "C2 CompilerThread2" daemon [_thread_blocked, id=30192, stack(0x000000a323500000,0x000000a323600000)]
  0x0000020e190a2000 JavaThread "C2 CompilerThread1" daemon [_thread_blocked, id=14348, stack(0x000000a323400000,0x000000a323500000)]
=>0x0000020e190a0800 JavaThread "C2 CompilerThread0" daemon [_thread_in_native, id=29960, stack(0x000000a323300000,0x000000a323400000)]
  0x0000020e1909e800 JavaThread "Attach Listener" daemon [_thread_blocked, id=29672, stack(0x000000a323200000,0x000000a323300000)]
  0x0000020e1909d800 JavaThread "Signal Dispatcher" daemon [_thread_blocked, id=2184, stack(0x000000a323100000,0x000000a323200000)]
  0x0000020e19074000 JavaThread "Finalizer" daemon [_thread_blocked, id=30004, stack(0x000000a323000000,0x000000a323100000)]
  0x0000020e1906d000 JavaThread "Reference Handler" daemon [_thread_blocked, id=1440, stack(0x000000a322f00000,0x000000a323000000)]
  0x0000020e021a6000 JavaThread "main" [_thread_blocked, id=18024, stack(0x000000a322300000,0x000000a322400000)]

Other Threads:
  0x0000020e1820e800 VMThread [stack: 0x000000a322e00000,0x000000a322f00000] [id=32984]
  0x0000020e1a8ea000 WatcherThread [stack: 0x000000a323800000,0x000000a323900000] [id=28212]

VM state:not at safepoint (normal execution)

VM Mutex/Monitor currently owned by a thread: None

heap address: 0x0000000082400000, size: 2012 MB, Compressed Oops mode: 32-bit
Narrow klass base: 0x0000000000000000, Narrow klass shift: 3
Compressed class space size: 1073741824 Address: 0x0000000100000000

Heap:
 PSYoungGen      total 70656K, used 25222K [0x00000000d6180000, 0x00000000dab80000, 0x0000000100000000)
  eden space 65536K, 38% used [0x00000000d6180000,0x00000000d7a21b80,0x00000000da180000)
  from space 5120K, 0% used [0x00000000da680000,0x00000000da680000,0x00000000dab80000)
  to   space 5120K, 0% used [0x00000000da180000,0x00000000da180000,0x00000000da680000)
 ParOldGen       total 86016K, used 61806K [0x0000000082400000, 0x0000000087800000, 0x00000000d6180000)
  object space 86016K, 71% used [0x0000000082400000,0x000000008605ba48,0x0000000087800000)
 Metaspace       used 20814K, capacity 21808K, committed 22144K, reserved 1069056K
  class space    used 2901K, capacity 3159K, committed 3200K, reserved 1048576K

Card table byte_map: [0x0000020e12f80000,0x0000020e13370000] byte_map_base: 0x0000020e12b6e000

Marking Bits: (ParMarkBitMap*) 0x00000000607d7fe0
 Begin Bits: [0x0000020e13610000, 0x0000020e15580000)
 End Bits:   [0x0000020e15580000, 0x0000020e174f0000)

Polling page: 0x0000020e023d0000

CodeCache: size=245760Kb used=6643Kb max_used=6643Kb free=239116Kb
 bounds [0x0000020e03bc0000, 0x0000020e04250000, 0x0000020e12bc0000]
 total_blobs=2872 nmethods=2133 adapters=651
 compilation: enabled

Compilation events (10 events):
Event: 2.758 Thread 0x0000020e190ac800 nmethod 2106 0x0000020e04232fd0 code [0x0000020e04233160, 0x0000020e042334a0]
Event: 2.758 Thread 0x0000020e190ac800 2107       3       java.nio.HeapByteBuffer::<init> (14 bytes)
Event: 2.758 Thread 0x0000020e190ac800 nmethod 2107 0x0000020e04233690 code [0x0000020e04233800, 0x0000020e042339b0]
Event: 2.758 Thread 0x0000020e190ac800 2108       3       com.sun.prism.PixelFormat::getBytesPerPixelUnit (13 bytes)
Event: 2.759 Thread 0x0000020e190ac800 nmethod 2108 0x0000020e04233a90 code [0x0000020e04233be0, 0x0000020e04233dd8]
Event: 2.759 Thread 0x0000020e190ac800 2109       1       com.sun.prism.impl.BaseTexture::getLinearFiltering (5 bytes)
Event: 2.759 Thread 0x0000020e190ac800 nmethod 2109 0x0000020e04233e90 code [0x0000020e04233fe0, 0x0000020e042340f8]
Event: 2.759 Thread 0x0000020e190ac800 2110       1       com.sun.javafx.geom.transform.GeneralTransform3D::isIdentity (5 bytes)
Event: 2.759 Thread 0x0000020e190ac800 nmethod 2110 0x0000020e04234150 code [0x0000020e042342a0, 0x0000020e042343b8]
Event: 2.759 Thread 0x0000020e190ac800 2111       3       com.sun.javafx.geom.transform.AffineBase::getMxy (5 bytes)

GC Heap History (10 events):
Event: 0.778 GC heap before
{Heap before GC invocations=1 (full 0):
 PSYoungGen      total 37888K, used 32768K [0x00000000d6180000, 0x00000000d8b80000, 0x0000000100000000)
  eden space 32768K, 100% used [0x00000000d6180000,0x00000000d8180000,0x00000000d8180000)
  from space 5120K, 0% used [0x00000000d8680000,0x00000000d8680000,0x00000000d8b80000)
  to   space 5120K, 0% used [0x00000000d8180000,0x00000000d8180000,0x00000000d8680000)
 ParOldGen       total 86016K, used 0K [0x0000000082400000, 0x0000000087800000, 0x00000000d6180000)
  object space 86016K, 0% used [0x0000000082400000,0x0000000082400000,0x0000000087800000)
 Metaspace       used 13983K, capacity 14538K, committed 14848K, reserved 1062912K
  class space    used 1863K, capacity 2032K, committed 2048K, reserved 1048576K
Event: 0.787 GC heap after
Heap after GC invocations=1 (full 0):
 PSYoungGen      total 37888K, used 4690K [0x00000000d6180000, 0x00000000dab80000, 0x0000000100000000)
  eden space 32768K, 0% used [0x00000000d6180000,0x00000000d6180000,0x00000000d8180000)
  from space 5120K, 91% used [0x00000000d8180000,0x00000000d8614800,0x00000000d8680000)
  to   space 5120K, 0% used [0x00000000da680000,0x00000000da680000,0x00000000dab80000)
 ParOldGen       total 86016K, used 4016K [0x0000000082400000, 0x0000000087800000, 0x00000000d6180000)
  object space 86016K, 4% used [0x0000000082400000,0x00000000827ec010,0x0000000087800000)
 Metaspace       used 13983K, capacity 14538K, committed 14848K, reserved 1062912K
  class space    used 1863K, capacity 2032K, committed 2048K, reserved 1048576K
}
Event: 2.060 GC heap before
{Heap before GC invocations=2 (full 0):
 PSYoungGen      total 37888K, used 34037K [0x00000000d6180000, 0x00000000dab80000, 0x0000000100000000)
  eden space 32768K, 89% used [0x00000000d6180000,0x00000000d7e28eb0,0x00000000d8180000)
  from space 5120K, 91% used [0x00000000d8180000,0x00000000d8614800,0x00000000d8680000)
  to   space 5120K, 0% used [0x00000000da680000,0x00000000da680000,0x00000000dab80000)
 ParOldGen       total 86016K, used 4016K [0x0000000082400000, 0x0000000087800000, 0x00000000d6180000)
  object space 86016K, 4% used [0x0000000082400000,0x00000000827ec010,0x0000000087800000)
 Metaspace       used 18552K, capacity 19248K, committed 19584K, reserved 1067008K
  class space    used 2445K, capacity 2647K, committed 2688K, reserved 1048576K
Event: 2.072 GC heap after
Heap after GC invocations=2 (full 0):
 PSYoungGen      total 37888K, used 5088K [0x00000000d6180000, 0x00000000dab80000, 0x0000000100000000)
  eden space 32768K, 0% used [0x00000000d6180000,0x00000000d6180000,0x00000000d8180000)
  from space 5120K, 99% used [0x00000000da680000,0x00000000dab78090,0x00000000dab80000)
  to   space 5120K, 0% used [0x00000000d8180000,0x00000000d8180000,0x00000000d8680000)
 ParOldGen       total 86016K, used 24619K [0x0000000082400000, 0x0000000087800000, 0x00000000d6180000)
  object space 86016K, 28% used [0x0000000082400000,0x0000000083c0adb0,0x0000000087800000)
 Metaspace       used 18552K, capacity 19248K, committed 19584K, reserved 1067008K
  class space    used 2445K, capacity 2647K, committed 2688K, reserved 1048576K
}
Event: 2.240 GC heap before
{Heap before GC invocations=3 (full 0):
 PSYoungGen      total 37888K, used 32074K [0x00000000d6180000, 0x00000000dab80000, 0x0000000100000000)
  eden space 32768K, 82% used [0x00000000d6180000,0x00000000d7bdaad8,0x00000000d8180000)
  from space 5120K, 99% used [0x00000000da680000,0x00000000dab78090,0x00000000dab80000)
  to   space 5120K, 0% used [0x00000000d8180000,0x00000000d8180000,0x00000000d8680000)
 ParOldGen       total 86016K, used 24619K [0x0000000082400000, 0x0000000087800000, 0x00000000d6180000)
  object space 86016K, 28% used [0x0000000082400000,0x0000000083c0adb0,0x0000000087800000)
 Metaspace       used 18631K, capacity 19284K, committed 19584K, reserved 1067008K
  class space    used 2449K, capacity 2653K, committed 2688K, reserved 1048576K
Event: 2.254 GC heap after
Heap after GC invocations=3 (full 0):
 PSYoungGen      total 37888K, used 5104K [0x00000000d6180000, 0x00000000dab80000, 0x0000000100000000)
  eden space 32768K, 0% used [0x00000000d6180000,0x00000000d6180000,0x00000000d8180000)
  from space 5120K, 99% used [0x00000000d8180000,0x00000000d867c0a0,0x00000000d8680000)
  to   space 5120K, 0% used [0x00000000da680000,0x00000000da680000,0x00000000dab80000)
 ParOldGen       total 86016K, used 50423K [0x0000000082400000, 0x0000000087800000, 0x00000000d6180000)
  object space 86016K, 58% used [0x0000000082400000,0x000000008553df70,0x0000000087800000)
 Metaspace       used 18631K, capacity 19284K, committed 19584K, reserved 1067008K
  class space    used 2449K, capacity 2653K, committed 2688K, reserved 1048576K
}
Event: 2.444 GC heap before
{Heap before GC invocations=4 (full 0):
 PSYoungGen      total 37888K, used 37178K [0x00000000d6180000, 0x00000000dab80000, 0x0000000100000000)
  eden space 32768K, 97% used [0x00000000d6180000,0x00000000d80d2840,0x00000000d8180000)
  from space 5120K, 99% used [0x00000000d8180000,0x00000000d867c0a0,0x00000000d8680000)
  to   space 5120K, 0% used [0x00000000da680000,0x00000000da680000,0x00000000dab80000)
 ParOldGen       total 86016K, used 50423K [0x0000000082400000, 0x0000000087800000, 0x00000000d6180000)
  object space 86016K, 58% used [0x0000000082400000,0x000000008553df70,0x0000000087800000)
 Metaspace       used 18733K, capacity 19360K, committed 19584K, reserved 1067008K
  class space    used 2450K, capacity 2655K, committed 2688K, reserved 1048576K
Event: 2.453 GC heap after
Heap after GC invocations=4 (full 0):
 PSYoungGen      total 70656K, used 5114K [0x00000000d6180000, 0x00000000dab80000, 0x0000000100000000)
  eden space 65536K, 0% used [0x00000000d6180000,0x00000000d6180000,0x00000000da180000)
  from space 5120K, 99% used [0x00000000da680000,0x00000000dab7ea60,0x00000000dab80000)
  to   space 5120K, 0% used [0x00000000da180000,0x00000000da180000,0x00000000da680000)
 ParOldGen       total 86016K, used 81243K [0x0000000082400000, 0x0000000087800000, 0x00000000d6180000)
  object space 86016K, 94% used [0x0000000082400000,0x0000000087356cb0,0x0000000087800000)
 Metaspace       used 18733K, capacity 19360K, committed 19584K, reserved 1067008K
  class space    used 2450K, capacity 2655K, committed 2688K, reserved 1048576K
}
Event: 2.453 GC heap before
{Heap before GC invocations=5 (full 1):
 PSYoungGen      total 70656K, used 5114K [0x00000000d6180000, 0x00000000dab80000, 0x0000000100000000)
  eden space 65536K, 0% used [0x00000000d6180000,0x00000000d6180000,0x00000000da180000)
  from space 5120K, 99% used [0x00000000da680000,0x00000000dab7ea60,0x00000000dab80000)
  to   space 5120K, 0% used [0x00000000da180000,0x00000000da180000,0x00000000da680000)
 ParOldGen       total 86016K, used 81243K [0x0000000082400000, 0x0000000087800000, 0x00000000d6180000)
  object space 86016K, 94% used [0x0000000082400000,0x0000000087356cb0,0x0000000087800000)
 Metaspace       used 18733K, capacity 19360K, committed 19584K, reserved 1067008K
  class space    used 2450K, capacity 2655K, committed 2688K, reserved 1048576K
Event: 2.472 GC heap after
Heap after GC invocations=5 (full 1):
 PSYoungGen      total 70656K, used 0K [0x00000000d6180000, 0x00000000dab80000, 0x0000000100000000)
  eden space 65536K, 0% used [0x00000000d6180000,0x00000000d6180000,0x00000000da180000)
  from space 5120K, 0% used [0x00000000da680000,0x00000000da680000,0x00000000dab80000)
  to   space 5120K, 0% used [0x00000000da180000,0x00000000da180000,0x00000000da680000)
 ParOldGen       total 86016K, used 61806K [0x0000000082400000, 0x0000000087800000, 0x00000000d6180000)
  object space 86016K, 71% used [0x0000000082400000,0x000000008605ba48,0x0000000087800000)
 Metaspace       used 18733K, capacity 19360K, committed 19584K, reserved 1067008K
  class space    used 2450K, capacity 2655K, committed 2688K, reserved 1048576K
}

Deoptimization events (10 events):
Event: 2.214 Thread 0x0000020e1af6c000 Uncommon trap: reason=unstable_if action=reinterpret pc=0x0000020e03ef6120 method=com.sun.javafx.image.impl.BaseByteToByteConverter$FourByteReorderer.doConvert([BII[BIIII)V @ 31
Event: 2.576 Thread 0x0000020e1af6c000 Uncommon trap: reason=unstable_if action=reinterpret pc=0x0000020e040022c0 method=java.lang.ClassLoader.checkName(Ljava/lang/String;)Z @ 20
Event: 2.581 Thread 0x0000020e1af6c000 Uncommon trap: reason=unstable_if action=reinterpret pc=0x0000020e04010af0 method=java.util.Properties.loadConvert([CII[C)Ljava/lang/String; @ 72
Event: 2.581 Thread 0x0000020e1af6c000 Uncommon trap: reason=class_check action=maybe_recompile pc=0x0000020e0402de50 method=java.util.Properties$LineReader.readLine()I @ 410
Event: 2.596 Thread 0x0000020e1af6c000 Uncommon trap: reason=unstable_if action=reinterpret pc=0x0000020e03ebe060 method=java.util.HashMap.hash(Ljava/lang/Object;)I @ 1
Event: 2.596 Thread 0x0000020e1af6c000 Uncommon trap: reason=unstable_if action=reinterpret pc=0x0000020e0402661c method=java.util.HashMap.hash(Ljava/lang/Object;)I @ 1
Event: 2.696 Thread 0x0000020e1af6c000 Uncommon trap: reason=array_check action=maybe_recompile pc=0x0000020e041de348 method=com.sun.javafx.css.SimpleSelector.applies(Ljavafx/css/Styleable;[Ljava/util/Set;I)Z @ 37
Event: 2.696 Thread 0x0000020e1af6c000 Uncommon trap: reason=array_check action=maybe_recompile pc=0x0000020e041de348 method=com.sun.javafx.css.SimpleSelector.applies(Ljavafx/css/Styleable;[Ljava/util/Set;I)Z @ 37
Event: 2.696 Thread 0x0000020e1af6c000 Uncommon trap: reason=array_check action=maybe_recompile pc=0x0000020e041de348 method=com.sun.javafx.css.SimpleSelector.applies(Ljavafx/css/Styleable;[Ljava/util/Set;I)Z @ 37
Event: 2.696 Thread 0x0000020e1af6c000 Uncommon trap: reason=array_check action=maybe_recompile pc=0x0000020e041de348 method=com.sun.javafx.css.SimpleSelector.applies(Ljavafx/css/Styleable;[Ljava/util/Set;I)Z @ 37

Classes redefined (0 events):
No events

Internal exceptions (10 events):
Event: 0.517 Thread 0x0000020e1af6c000 Exception <a 'java/lang/ArrayIndexOutOfBoundsException'> (0x00000000d76f98d8) thrown at [C:\jenkins\workspace\8-2-build-windows-amd64-cygwin\jdk8u301\1513\hotspot\src\share\vm\runtime\sharedRuntime.cpp, line 609]
Event: 0.538 Thread 0x0000020e1af6c000 Exception <a 'java/io/FileNotFoundException'> (0x00000000d783c5a8) thrown at [C:\jenkins\workspace\8-2-build-windows-amd64-cygwin\jdk8u301\1513\hotspot\src\share\vm\prims\jni.cpp, line 710]
Event: 1.718 Thread 0x0000020e1af6c000 Implicit null exception at 0x0000020e03e93054 to 0x0000020e03e93405
Event: 1.925 Thread 0x0000020e1af6c000 Exception <a 'java/lang/ArrayIndexOutOfBoundsException'> (0x00000000d6f01190) thrown at [C:\jenkins\workspace\8-2-build-windows-amd64-cygwin\jdk8u301\1513\hotspot\src\share\vm\runtime\sharedRuntime.cpp, line 609]
Event: 1.927 Thread 0x0000020e1af6c000 Exception <a 'java/lang/ArrayIndexOutOfBoundsException'> (0x00000000d6f1aaa0) thrown at [C:\jenkins\workspace\8-2-build-windows-amd64-cygwin\jdk8u301\1513\hotspot\src\share\vm\runtime\sharedRuntime.cpp, line 609]
Event: 1.984 Thread 0x0000020e1af6c000 Exception <a 'java/lang/ArrayIndexOutOfBoundsException'> (0x00000000d6fb4310) thrown at [C:\jenkins\workspace\8-2-build-windows-amd64-cygwin\jdk8u301\1513\hotspot\src\share\vm\runtime\sharedRuntime.cpp, line 609]
Event: 2.560 Thread 0x0000020e1af6c000 Exception <a 'java/io/FileNotFoundException'> (0x00000000d6275598) thrown at [C:\jenkins\workspace\8-2-build-windows-amd64-cygwin\jdk8u301\1513\hotspot\src\share\vm\prims\jni.cpp, line 710]
Event: 2.596 Thread 0x0000020e1af6c000 Implicit null exception at 0x0000020e03ebde35 to 0x0000020e03ebe051
Event: 2.596 Thread 0x0000020e1af6c000 Implicit null exception at 0x0000020e04025c9b to 0x0000020e04026601
Event: 2.660 Thread 0x0000020e1af6c000 Exception <a 'java/io/FileNotFoundException'> (0x00000000d76d4390) thrown at [C:\jenkins\workspace\8-2-build-windows-amd64-cygwin\jdk8u301\1513\hotspot\src\share\vm\prims\jni.cpp, line 710]

Events (10 events):
Event: 2.731 loading class com/sun/scenario/effect/impl/prism/ps/PPSRenderer$1
Event: 2.731 loading class com/sun/scenario/effect/impl/prism/ps/PPSRenderer$1 done
Event: 2.731 loading class com/sun/scenario/effect/impl/prism/ps/PPSRenderer$2
Event: 2.731 loading class com/sun/scenario/effect/impl/prism/ps/PPSRenderer$2 done
Event: 2.731 loading class com/sun/javafx/geom/transform/AffineBase$1
Event: 2.731 loading class com/sun/javafx/geom/transform/AffineBase$1 done
Event: 2.732 loading class com/sun/javafx/geom/transform/Affine2D$1
Event: 2.732 loading class com/sun/javafx/geom/transform/Affine2D$1 done
Event: 2.732 loading class com/sun/scenario/effect/ImageData$1
Event: 2.732 loading class com/sun/scenario/effect/ImageData$1 done


Dynamic libraries:
0x00007ff6c4b00000 - 0x00007ff6c4b47000 	C:\Program Files\Java\jdk1.8.0_301\bin\java.exe
0x00007ffa09db0000 - 0x00007ffa09fa8000 	C:\WINDOWS\SYSTEM32\ntdll.dll
0x00007ffa08920000 - 0x00007ffa089df000 	C:\WINDOWS\System32\KERNEL32.DLL
0x00007ffa07540000 - 0x00007ffa07812000 	C:\WINDOWS\System32\KERNELBASE.dll
0x00007ffa089e0000 - 0x00007ffa08a8e000 	C:\WINDOWS\System32\ADVAPI32.dll
0x00007ffa09a80000 - 0x00007ffa09b1e000 	C:\WINDOWS\System32\msvcrt.dll
0x00007ffa09ba0000 - 0x00007ffa09c3c000 	C:\WINDOWS\System32\sechost.dll
0x00007ffa08050000 - 0x00007ffa08175000 	C:\WINDOWS\System32\RPCRT4.dll
0x00007ffa091b0000 - 0x00007ffa09351000 	C:\WINDOWS\System32\USER32.dll
0x00007ffa079d0000 - 0x00007ffa079f2000 	C:\WINDOWS\System32\win32u.dll
0x00007ffa09a50000 - 0x00007ffa09a7b000 	C:\WINDOWS\System32\GDI32.dll
0x00007ffa07ce0000 - 0x00007ffa07def000 	C:\WINDOWS\System32\gdi32full.dll
0x00007ffa074a0000 - 0x00007ffa0753d000 	C:\WINDOWS\System32\msvcp_win.dll
0x00007ffa078d0000 - 0x00007ffa079d0000 	C:\WINDOWS\System32\ucrtbase.dll
0x00007ff9f2c80000 - 0x00007ff9f2f1a000 	C:\WINDOWS\WinSxS\amd64_microsoft.windows.common-controls_6595b64144ccf1df_6.0.19041.1110_none_60b5254171f9507e\COMCTL32.dll
0x00007ffa08180000 - 0x00007ffa081b2000 	C:\WINDOWS\System32\IMM32.DLL
0x00007ffa03320000 - 0x00007ffa03335000 	C:\Program Files\Java\jdk1.8.0_301\jre\bin\vcruntime140.dll
0x00007ff9eaf10000 - 0x00007ff9eafab000 	C:\Program Files\Java\jdk1.8.0_301\jre\bin\msvcp140.dll
0x000000005fff0000 - 0x0000000060850000 	C:\Program Files\Java\jdk1.8.0_301\jre\bin\server\jvm.dll
0x00007ffa081c0000 - 0x00007ffa081c8000 	C:\WINDOWS\System32\PSAPI.DLL
0x00007ff9efc70000 - 0x00007ff9efc97000 	C:\WINDOWS\SYSTEM32\WINMM.dll
0x00007ffa006a0000 - 0x00007ffa006aa000 	C:\WINDOWS\SYSTEM32\VERSION.dll
0x00007ffa03340000 - 0x00007ffa03349000 	C:\WINDOWS\SYSTEM32\WSOCK32.dll
0x00007ffa09140000 - 0x00007ffa091ab000 	C:\WINDOWS\System32\WS2_32.dll
0x00007ffa05360000 - 0x00007ffa05372000 	C:\WINDOWS\SYSTEM32\kernel.appcore.dll
0x00007ffa032a0000 - 0x00007ffa032b0000 	C:\Program Files\Java\jdk1.8.0_301\jre\bin\verify.dll
0x00007ffa03270000 - 0x00007ffa0329b000 	C:\Program Files\Java\jdk1.8.0_301\jre\bin\java.dll
0x00007ffa022a0000 - 0x00007ffa022b8000 	C:\Program Files\Java\jdk1.8.0_301\jre\bin\zip.dll
0x00007ffa081d0000 - 0x00007ffa08915000 	C:\WINDOWS\System32\SHELL32.dll
0x00007ffa05560000 - 0x00007ffa05cf2000 	C:\WINDOWS\SYSTEM32\windows.storage.dll
0x00007ffa09430000 - 0x00007ffa09785000 	C:\WINDOWS\System32\combase.dll
0x00007ffa06f00000 - 0x00007ffa06f30000 	C:\WINDOWS\SYSTEM32\Wldp.dll
0x00007ffa08a90000 - 0x00007ffa08b3d000 	C:\WINDOWS\System32\SHCORE.dll
0x00007ffa08b50000 - 0x00007ffa08ba5000 	C:\WINDOWS\System32\shlwapi.dll
0x00007ffa073e0000 - 0x00007ffa073ff000 	C:\WINDOWS\SYSTEM32\profapi.dll
0x0000020e1b5e0000 - 0x0000020e1b5e3000 	C:\Program Files\Java\jdk1.8.0_301\jre\bin\api-ms-win-core-console-l1-1-0.dll
0x0000020e1b5f0000 - 0x0000020e1b5f3000 	C:\Program Files\Java\jdk1.8.0_301\jre\bin\api-ms-win-core-console-l1-2-0.dll
0x0000020e1b600000 - 0x0000020e1b603000 	C:\Program Files\Java\jdk1.8.0_301\jre\bin\api-ms-win-core-datetime-l1-1-0.dll
0x0000020e1b610000 - 0x0000020e1b613000 	C:\Program Files\Java\jdk1.8.0_301\jre\bin\api-ms-win-core-debug-l1-1-0.dll
0x0000020e1b620000 - 0x0000020e1b623000 	C:\Program Files\Java\jdk1.8.0_301\jre\bin\api-ms-win-core-errorhandling-l1-1-0.dll
0x0000020e1b630000 - 0x0000020e1b634000 	C:\Program Files\Java\jdk1.8.0_301\jre\bin\api-ms-win-core-file-l1-1-0.dll
0x0000020e1b640000 - 0x0000020e1b643000 	C:\Program Files\Java\jdk1.8.0_301\jre\bin\api-ms-win-core-file-l1-2-0.dll
0x0000020e1b650000 - 0x0000020e1b653000 	C:\Program Files\Java\jdk1.8.0_301\jre\bin\api-ms-win-core-file-l2-1-0.dll
0x0000020e1b660000 - 0x0000020e1b663000 	C:\Program Files\Java\jdk1.8.0_301\jre\bin\api-ms-win-core-handle-l1-1-0.dll
0x0000020e1b670000 - 0x0000020e1b673000 	C:\Program Files\Java\jdk1.8.0_301\jre\bin\api-ms-win-core-heap-l1-1-0.dll
0x0000020e1b680000 - 0x0000020e1b683000 	C:\Program Files\Java\jdk1.8.0_301\jre\bin\api-ms-win-core-interlocked-l1-1-0.dll
0x0000020e1b690000 - 0x0000020e1b693000 	C:\Program Files\Java\jdk1.8.0_301\jre\bin\api-ms-win-core-libraryloader-l1-1-0.dll
0x0000020e1b6a0000 - 0x0000020e1b6a3000 	C:\Program Files\Java\jdk1.8.0_301\jre\bin\api-ms-win-core-localization-l1-2-0.dll
0x0000020e1b6b0000 - 0x0000020e1b6b3000 	C:\Program Files\Java\jdk1.8.0_301\jre\bin\api-ms-win-core-memory-l1-1-0.dll
0x0000020e1b6c0000 - 0x0000020e1b6c3000 	C:\Program Files\Java\jdk1.8.0_301\jre\bin\api-ms-win-core-namedpipe-l1-1-0.dll
0x0000020e1b6d0000 - 0x0000020e1b6d3000 	C:\Program Files\Java\jdk1.8.0_301\jre\bin\api-ms-win-core-processenvironment-l1-1-0.dll
0x0000020e1b6e0000 - 0x0000020e1b6e3000 	C:\Program Files\Java\jdk1.8.0_301\jre\bin\api-ms-win-core-processthreads-l1-1-0.dll
0x0000020e1b6f0000 - 0x0000020e1b6f3000 	C:\Program Files\Java\jdk1.8.0_301\jre\bin\api-ms-win-core-processthreads-l1-1-1.dll
0x0000020e1b700000 - 0x0000020e1b703000 	C:\Program Files\Java\jdk1.8.0_301\jre\bin\api-ms-win-core-profile-l1-1-0.dll
0x0000020e1b710000 - 0x0000020e1b713000 	C:\Program Files\Java\jdk1.8.0_301\jre\bin\api-ms-win-core-rtlsupport-l1-1-0.dll
0x0000020e1b720000 - 0x0000020e1b723000 	C:\Program Files\Java\jdk1.8.0_301\jre\bin\api-ms-win-core-string-l1-1-0.dll
0x0000020e1b730000 - 0x0000020e1b733000 	C:\Program Files\Java\jdk1.8.0_301\jre\bin\api-ms-win-core-synch-l1-1-0.dll
0x0000020e1b740000 - 0x0000020e1b743000 	C:\Program Files\Java\jdk1.8.0_301\jre\bin\api-ms-win-core-synch-l1-2-0.dll
0x0000020e1b750000 - 0x0000020e1b753000 	C:\Program Files\Java\jdk1.8.0_301\jre\bin\api-ms-win-core-sysinfo-l1-1-0.dll
0x0000020e1b760000 - 0x0000020e1b763000 	C:\Program Files\Java\jdk1.8.0_301\jre\bin\api-ms-win-core-timezone-l1-1-0.dll
0x0000020e1b770000 - 0x0000020e1b773000 	C:\Program Files\Java\jdk1.8.0_301\jre\bin\api-ms-win-core-util-l1-1-0.dll
0x0000020e1b780000 - 0x0000020e1b783000 	C:\Program Files\Java\jdk1.8.0_301\jre\bin\api-ms-win-crt-conio-l1-1-0.dll
0x0000020e1b790000 - 0x0000020e1b794000 	C:\Program Files\Java\jdk1.8.0_301\jre\bin\api-ms-win-crt-convert-l1-1-0.dll
0x0000020e1b7a0000 - 0x0000020e1b7a3000 	C:\Program Files\Java\jdk1.8.0_301\jre\bin\api-ms-win-crt-environment-l1-1-0.dll
0x0000020e1b7b0000 - 0x0000020e1b7b3000 	C:\Program Files\Java\jdk1.8.0_301\jre\bin\api-ms-win-crt-filesystem-l1-1-0.dll
0x0000020e1b7c0000 - 0x0000020e1b7c3000 	C:\Program Files\Java\jdk1.8.0_301\jre\bin\api-ms-win-crt-heap-l1-1-0.dll
0x0000020e1b7d0000 - 0x0000020e1b7d3000 	C:\Program Files\Java\jdk1.8.0_301\jre\bin\api-ms-win-crt-locale-l1-1-0.dll
0x0000020e1b7e0000 - 0x0000020e1b7e5000 	C:\Program Files\Java\jdk1.8.0_301\jre\bin\api-ms-win-crt-math-l1-1-0.dll
0x0000020e1b7f0000 - 0x0000020e1b7f5000 	C:\Program Files\Java\jdk1.8.0_301\jre\bin\api-ms-win-crt-multibyte-l1-1-0.dll
0x0000020e1b800000 - 0x0000020e1b810000 	C:\Program Files\Java\jdk1.8.0_301\jre\bin\api-ms-win-crt-private-l1-1-0.dll
0x0000020e1b810000 - 0x0000020e1b813000 	C:\Program Files\Java\jdk1.8.0_301\jre\bin\api-ms-win-crt-process-l1-1-0.dll
0x0000020e1b820000 - 0x0000020e1b824000 	C:\Program Files\Java\jdk1.8.0_301\jre\bin\api-ms-win-crt-runtime-l1-1-0.dll
0x0000020e1b830000 - 0x0000020e1b834000 	C:\Program Files\Java\jdk1.8.0_301\jre\bin\api-ms-win-crt-stdio-l1-1-0.dll
0x0000020e1b840000 - 0x0000020e1b844000 	C:\Program Files\Java\jdk1.8.0_301\jre\bin\api-ms-win-crt-string-l1-1-0.dll
0x0000020e1b850000 - 0x0000020e1b853000 	C:\Program Files\Java\jdk1.8.0_301\jre\bin\api-ms-win-crt-time-l1-1-0.dll
0x0000020e1b860000 - 0x0000020e1b863000 	C:\Program Files\Java\jdk1.8.0_301\jre\bin\api-ms-win-crt-utility-l1-1-0.dll
0x00007ff9de180000 - 0x00007ff9de27a000 	C:\Program Files\Java\jdk1.8.0_301\jre\bin\ucrtbase.dll
0x00007ff9f0b50000 - 0x00007ff9f0b5c000 	C:\Program Files\Java\jdk1.8.0_301\jre\bin\vcruntime140_1.dll
0x00007ff9e4470000 - 0x00007ff9e4493000 	C:\Program Files\Java\jdk1.8.0_301\jre\bin\prism_d3d.dll
0x00007ff9f38b0000 - 0x00007ff9f3a7e000 	C:\WINDOWS\system32\d3d9.dll
0x00007ffa05070000 - 0x00007ffa0509f000 	C:\WINDOWS\SYSTEM32\dwmapi.dll
0x00007ffa04e90000 - 0x00007ffa04f2e000 	C:\WINDOWS\system32\uxtheme.dll
0x00007ff9c9e00000 - 0x00007ff9c9fc2000 	C:\WINDOWS\System32\DriverStore\FileRepository\iigd_dch.inf_amd64_74dc8483545826b6\igdumdim64.dll
0x00007ff9f8780000 - 0x00007ff9f889a000 	C:\WINDOWS\System32\DriverStore\FileRepository\iigd_dch.inf_amd64_74dc8483545826b6\igdgmm64.dll
0x00007ff9cb7a0000 - 0x00007ff9cf1cd000 	C:\WINDOWS\System32\DriverStore\FileRepository\iigd_dch.inf_amd64_74dc8483545826b6\igd9dxva64.dll
0x00007ffa09c40000 - 0x00007ffa09d6a000 	C:\WINDOWS\System32\OLE32.dll
0x00007ffa09360000 - 0x00007ffa0942d000 	C:\WINDOWS\System32\OLEAUT32.dll
0x00007ff9de100000 - 0x00007ff9de142000 	C:\Program Files\Java\jdk1.8.0_301\jre\bin\glass.dll
0x00007ffa09910000 - 0x00007ffa099ea000 	C:\WINDOWS\System32\COMDLG32.dll
0x00007ffa09790000 - 0x00007ffa098a5000 	C:\WINDOWS\System32\MSCTF.dll
0x00007ffa07a30000 - 0x00007ffa07ab2000 	C:\WINDOWS\System32\bcryptPrimitives.dll
0x00007ff9ca3f0000 - 0x00007ff9ca411000 	C:\WINDOWS\System32\DriverStore\FileRepository\iigd_dch.inf_amd64_74dc8483545826b6\igdinfo64.dll
0x00007ff9f63b0000 - 0x00007ff9f8378000 	C:\WINDOWS\System32\DriverStore\FileRepository\iigd_dch.inf_amd64_74dc8483545826b6\igc64.dll
0x00007ff9fb2f0000 - 0x00007ff9fb32b000 	C:\WINDOWS\SYSTEM32\dxcore.dll
0x00007ffa07c90000 - 0x00007ffa07cde000 	C:\WINDOWS\System32\cfgmgr32.dll
0x00007ff9e5840000 - 0x00007ff9e5854000 	C:\Program Files\Java\jdk1.8.0_301\jre\bin\javafx_font.dll
0x00007ff9f5000000 - 0x00007ff9f527f000 	C:\WINDOWS\SYSTEM32\dwrite.dll
0x00007ffa07df0000 - 0x00007ffa07e99000 	C:\WINDOWS\System32\clbcatq.dll
0x00007ff9fe6a0000 - 0x00007ff9fe854000 	C:\WINDOWS\SYSTEM32\WindowsCodecs.dll
0x00007ffa07a00000 - 0x00007ffa07a27000 	C:\WINDOWS\System32\bcrypt.dll
0x00007ff9da700000 - 0x00007ff9da73e000 	C:\WINDOWS\system32\dataexchange.dll
0x00007ffa03520000 - 0x00007ffa03783000 	C:\WINDOWS\system32\d3d11.dll
0x00007ffa041b0000 - 0x00007ffa04393000 	C:\WINDOWS\system32\dcomp.dll
0x00007ffa05d60000 - 0x00007ffa05e53000 	C:\WINDOWS\system32\dxgi.dll
0x00007ff9ff200000 - 0x00007ff9ff400000 	C:\WINDOWS\system32\twinapi.appcore.dll
0x00007ff9daa10000 - 0x00007ff9daa44000 	C:\Program Files\Common Files\Microsoft Shared\Ink\rtscom.dll
0x00007ff9fb4d0000 - 0x00007ff9fb5c9000 	C:\WINDOWS\SYSTEM32\textinputframework.dll
0x00007ffa043a0000 - 0x00007ffa046fe000 	C:\WINDOWS\System32\CoreUIComponents.dll
0x00007ffa04a80000 - 0x00007ffa04b72000 	C:\WINDOWS\System32\CoreMessaging.dll
0x00007ffa06630000 - 0x00007ffa06663000 	C:\WINDOWS\SYSTEM32\ntmarta.dll
0x00007ffa033c0000 - 0x00007ffa03514000 	C:\WINDOWS\SYSTEM32\wintypes.dll
0x00007ffa00f40000 - 0x00007ffa00f52000 	C:\Program Files\Java\jdk1.8.0_301\jre\bin\prism_common.dll
0x00007ffa01b40000 - 0x00007ffa01b5c000 	C:\Program Files\Java\jdk1.8.0_301\jre\bin\net.dll
0x00007ffa06c60000 - 0x00007ffa06cca000 	C:\WINDOWS\system32\mswsock.dll
0x00007ffa06950000 - 0x00007ffa06a1b000 	C:\WINDOWS\SYSTEM32\DNSAPI.dll
0x00007ffa06900000 - 0x00007ffa0693b000 	C:\WINDOWS\SYSTEM32\IPHLPAPI.DLL
0x00007ffa090a0000 - 0x00007ffa090a8000 	C:\WINDOWS\System32\NSI.dll
0x00007ff9ff400000 - 0x00007ff9ff40a000 	C:\Windows\System32\rasadhlp.dll
0x00007ff9f3650000 - 0x00007ff9f36d0000 	C:\WINDOWS\System32\fwpuclnt.dll
0x00007ff9fccc0000 - 0x00007ff9fcced000 	C:\Program Files\Java\jdk1.8.0_301\jre\bin\javafx_iio.dll
0x00007ffa02360000 - 0x00007ffa02544000 	C:\WINDOWS\SYSTEM32\dbghelp.dll

VM Arguments:
jvm_args: -Dfile.encoding=UTF-8 
java_command: pidev.NewFXMain
java_class_path (initial): C:\Program Files\NetBeans 8.2\ide\modules\ext\mysql-connector-java-5.1.23-bin.jar;C:\Users\helam\Downloads\commons-codec-1.15.jar;C:\Users\helam\Downloads\commons-io-2.7.jar;C:\Users\helam\Downloads\commons-logging-1.2.jar;C:\Users\helam\Downloads\httpclient-4.5.13.jar;C:\Users\helam\Downloads\httpcore-4.4.13.jar;C:\Users\helam\Downloads\jackson-annotations-2.14.0.jar;C:\Users\helam\Downloads\jackson-core-2.14.0.jar;C:\Users\helam\Downloads\jackson-databind-2.14.0.jar;C:\Users\helam\Downloads\jackson-dataformat-xml-2.14.0.jar;C:\Users\helam\Downloads\jackson-datatype-jsr310-2.14.0.jar;C:\Users\helam\Downloads\jjwt-api-0.11.2.jar;C:\Users\helam\Downloads\jjwt-impl-0.11.2.jar;C:\Users\helam\Downloads\jjwt-jackson-0.11.2.jar;C:\Users\helam\Downloads\json-20220320.jar;C:\Users\helam\Downloads\slf4j-api-1.7.30.jar;C:\Users\helam\Downloads\stax2-api-4.2.1.jar;C:\Users\helam\Downloads\twilio-9.2.4.jar;C:\Users\helam\Downloads\woodstox-core-6.4.0.jar;C:\Users\helam\Desktop\slf4j-api-2.0.6.jar;C:\Users\helam\Desktop\slf4j-simple-2.0.6.jar;C:\Users\helam\Downloads\controlsfx-8.40.14.jar;C:\Users\helam\Documents\NetBeansProjects\PIDEV\build\classes
Launcher Type: SUN_STANDARD

Environment Variables:
JAVA_HOME=C:\Program Files\Java\jdk-16.0.1
PATH=C:\Program Files (x86)\Common Files\Oracle\Java\javapath;C:\oraclexe\app\oracle\product\11.2.0\server\bin;C:\Program Files (x86)\Common Files\Intel\Shared Libraries\redist\intel64\compiler;C:\Windows\system32;C:\Windows;C:\Windows\System32\Wbem;C:\Windows\System32\WindowsPowerShell\v1.0\;C:\Windows\System32\OpenSSH\;C:\Program Files (x86)\NVIDIA Corporation\PhysX\Common;C:\Program Files\NVIDIA Corporation\NVIDIA NvDLISR;C:\WINDOWS\system32;C:\WINDOWS;C:\WINDOWS\System32\Wbem;C:\WINDOWS\System32\WindowsPowerShell\v1.0\;C:\WINDOWS\System32\OpenSSH\;C:\Program Files\TortoiseGit\bin;C:\oraclexe\app\oracle\product\11.2.0\server\bin;C:\instantclient12_2;C:\oraclexe\app\oracle\admin\XE;C:\oraclexe;C:\Program Files\Java\jdk-12\bin;C:\xampp\php;C:\ProgramData\ComposerSetup\bin;C:\Program Files\Git\bin;C:\Program Files\Git\cmd;C:\Users\helam\scoop\shims;C:\Users\helam\AppData\Local\Microsoft\WindowsApps;C:\Users\helam\AppData\Local\Programs\Microsoft VS Code\bin;C:\xampp\php;C:\Users\helam\AppData\Roaming\Composer\vendor\bin;C:\Program Files\Git\bin;C:\Program Files\Git\cmd;
USERNAME=helam
OS=Windows_NT
PROCESSOR_IDENTIFIER=Intel64 Family 6 Model 158 Stepping 10, GenuineIntel



---------------  S Y S T E M  ---------------

OS: Windows 10.0 , 64 bit Build 19041 (10.0.19041.2546)

CPU:total 12 (initial active 12) (6 cores per cpu, 2 threads per core) family 6 model 158 stepping 10, cmov, cx8, fxsr, mmx, sse, sse2, sse3, ssse3, sse4.1, sse4.2, popcnt, avx, avx2, aes, clmul, erms, 3dnowpref, lzcnt, ht, tsc, tscinvbit, bmi1, bmi2, adx

Memory: 4k page, physical 8236352k(441272k free), swap 33402176k(960k free)

vm_info: Java HotSpot(TM) 64-Bit Server VM (25.301-b09) for windows-amd64 JRE (1.8.0_301-b09), built on Jun  9 2021 06:46:21 by "java_re" with MS VC++ 15.9 (VS2017)

time: Sat Mar  4 14:25:23 2023
timezone: Afr. centrale Ouest
elapsed time: 2.799262 seconds (0d 0h 0m 2s)

